<?xml version="1.0" encoding="UTF-8"?>
<!-- Generated by org.testng.reporters.JUnitReportReporter -->
<testsuite skipped="0" hostname="DESKTOP-M8ARC8E" name="SeleniumAmzon.AssessmentAmzon.TestNgDemo" tests="4" failures="0" timestamp="2020-12-08T17:34:52 IST" time="0.013" errors="0">
  <testcase name="f1" time="0.009" classname="SeleniumAmzon.AssessmentAmzon.TestNgDemo"/>
  <system-out/>
  <testcase name="f" time="0.001" classname="SeleniumAmzon.AssessmentAmzon.TestNgDemo"/>
  <system-out/>
  <testcase name="f2" time="0.000" classname="SeleniumAmzon.AssessmentAmzon.TestNgDemo"/>
  <system-out/>
  <testcase name="f3" time="0.003" classname="SeleniumAmzon.AssessmentAmzon.TestNgDemo"/>
  <system-out/>
</testsuite> <!-- SeleniumAmzon.AssessmentAmzon.TestNgDemo -->
